2
10 2 20
0.469395 0.316808 
0.275741 0.574288 
0.311487 0.883151 
0.584456 0.711937 
0.45333 0.0879314 
0.867298 0.572295 
0.535622 0.831963 
0.832974 0.820791 
0.313299 0.338902 
0.251938 0.480677 

0.710507 0.0218405 
0.2983 0.409262 
0.854135 0.913783 
0.986158 0.191908 
0.784983 0.93151 
0.374024 0.254377 
0.248318 0.649765 
0.828665 0.559804 
0.532916 0.41312 
0.271742 0.986246 
0.501052 0.13904 
0.558541 0.0366742 
0.971003 0.391514 
0.857465 0.284302 
0.730417 0.109403 
0.764979 0.440924 
0.131244 0.0632789 
0.850185 0.985378 
0.977062 0.836343 
0.177286 0.762044 
5 3 1
0.767853 0.55131 0.0164212 
0.0161708 0.201075 0.845086 
0.575975 0.733991 0.258207 
0.847717 0.720237 0.759258 
0.986756 0.278778 0.795933 

0.957759 0.670292 0.653398 
